Checking out repo for os-028
~/ece344/root ~/ece344/root
patching file testbin/huge/huge.c
A    kern/conf
A    kern/conf/newvers.sh
A    kern/conf/conf.kern
A    kern/conf/config
A    kern/conf/ASST0
A    kern/conf/ASST1
A    kern/conf/ASST2
A    kern/conf/ASST2-OPT
A    kern/conf/ASST3
A    kern/conf/ASST4
A    kern/conf/ASST5
A    kern/lib
A    kern/lib/kheap.c
A    kern/lib/ntoh.c
A    kern/lib/copyinout.c
A    kern/lib/misc.c
A    kern/lib/bitmap.c
A    kern/lib/kgets.c
A    kern/lib/kprintf.c
A    kern/lib/array.c
A    kern/lib/queue.c
A    kern/userprog
A    kern/userprog/loadelf.c
A    kern/userprog/sys_write.c
A    kern/userprog/sys_read.c
A    kern/userprog/runprogram.c
A    kern/userprog/uio.c
A    kern/thread
A    kern/thread/thread.c
A    kern/thread/hardclock.c
A    kern/thread/scheduler.c
A    kern/thread/synch.c
A    kern/compile
A    kern/compile/.svnignore
A    kern/fs
A    kern/fs/vfs
A    kern/fs/vfs/vfscwd.c
A    kern/fs/vfs/device.c
A    kern/fs/vfs/vfslookup.c
A    kern/fs/vfs/devnull.c
A    kern/fs/vfs/vfslist.c
A    kern/fs/vfs/vfspath.c
A    kern/fs/vfs/vnode.c
A    kern/fs/sfs
A    kern/fs/sfs/sfs_io.c
A    kern/fs/sfs/sfs_fs.c
A    kern/fs/sfs/sfs_vnode.c
A    kern/asst1
A    kern/asst1/catlock.c
A    kern/asst1/catsem.c
A    kern/asst1/stoplight.c
A    kern/Makefile
A    kern/arch
A    kern/arch/mips
A    kern/arch/mips/mips
A    kern/arch/mips/mips/lamebus_mips.c
A    kern/arch/mips/mips/switch.S
A    kern/arch/mips/mips/pcb.c
A    kern/arch/mips/mips/threadstart.S
A    kern/arch/mips/mips/trap.c
A    kern/arch/mips/mips/dumbvm.c
A    kern/arch/mips/mips/syscall.c
A    kern/arch/mips/mips/tlb_mips1.S
A    kern/arch/mips/mips/cache_mips1.S
A    kern/arch/mips/mips/interrupt.c
A    kern/arch/mips/mips/start.S
A    kern/arch/mips/mips/exception.S
A    kern/arch/mips/mips/spl.c
A    kern/arch/mips/mips/ram.c
A    kern/arch/mips/include
A    kern/arch/mips/include/bus.h
A    kern/arch/mips/include/switchframe.h
A    kern/arch/mips/include/specialreg.h
A    kern/arch/mips/include/spl.h
A    kern/arch/mips/include/ktypes.h
A    kern/arch/mips/include/tlb.h
A    kern/arch/mips/include/trapframe.h
A    kern/arch/mips/include/asmdefs.h
A    kern/arch/mips/include/setjmp.h
A    kern/arch/mips/include/vm.h
A    kern/arch/mips/include/pcb.h
A    kern/arch/mips/include/types.h
A    kern/arch/mips/conf
A    kern/arch/mips/conf/conf.arch
A    kern/arch/mips/conf/Makefile.mips
A    kern/arch/mips/conf/ldscript
A    kern/dev
A    kern/dev/init.c
A    kern/dev/lamebus
A    kern/dev/lamebus/lscreen.h
A    kern/dev/lamebus/lrandom.h
A    kern/dev/lamebus/ltimer.h
A    kern/dev/lamebus/lnet.c
A    kern/dev/lamebus/lscreen_att.c
A    kern/dev/lamebus/con_lser.c
A    kern/dev/lamebus/lrandom_att.c
A    kern/dev/lamebus/ltimer_att.c
A    kern/dev/lamebus/lser.c
A    kern/dev/lamebus/lhd.c
A    kern/dev/lamebus/lnet_att.c
A    kern/dev/lamebus/lser.h
A    kern/dev/lamebus/ltrace.c
A    kern/dev/lamebus/lhd.h
A    kern/dev/lamebus/rtclock_ltimer.c
A    kern/dev/lamebus/lser_att.c
A    kern/dev/lamebus/ltrace.h
A    kern/dev/lamebus/lhd_att.c
A    kern/dev/lamebus/ltrace_att.c
A    kern/dev/lamebus/emu.c
A    kern/dev/lamebus/beep_ltimer.c
A    kern/dev/lamebus/lamebus.c
A    kern/dev/lamebus/con_lscreen.c
A    kern/dev/lamebus/lscreen.c
A    kern/dev/lamebus/conf.lamebus
A    kern/dev/lamebus/emu.h
A    kern/dev/lamebus/random_lrandom.c
A    kern/dev/lamebus/ltimer.c
A    kern/dev/lamebus/lrandom.c
A    kern/dev/lamebus/lamebus.h
A    kern/dev/lamebus/emu_att.c
A    kern/dev/generic
A    kern/dev/generic/pseudorand.c
A    kern/dev/generic/random.h
A    kern/dev/generic/rtclock.h
A    kern/dev/generic/console.h
A    kern/dev/generic/pseudorand.h
A    kern/dev/generic/beep.c
A    kern/dev/generic/pseudorand_att.c
A    kern/dev/generic/beep.h
A    kern/dev/generic/random.c
A    kern/dev/generic/rtclock.c
A    kern/dev/generic/console.c
A    kern/test
A    kern/test/queuetest.c
A    kern/test/synchtest.c
A    kern/test/nettest.c
A    kern/test/malloctest.c
A    kern/test/threadtest.c
A    kern/test/fstest.c
A    kern/test/tt3.c
A    kern/test/bitmaptest.c
A    kern/test/arraytest.c
A    kern/vm
A    kern/vm/addrspace.c
A    kern/include
A    kern/include/bitmap.h
A    kern/include/array.h
A    kern/include/dev.h
A    kern/include/scheduler.h
A    kern/include/test.h
A    kern/include/emufs.h
A    kern/include/curthread.h
A    kern/include/vm.h
A    kern/include/synch.h
A    kern/include/queue.h
A    kern/include/stdarg.h
A    kern/include/version.h
A    kern/include/addrspace.h
A    kern/include/clock.h
A    kern/include/sfs.h
A    kern/include/uio.h
A    kern/include/vfs.h
A    kern/include/hello.h
A    kern/include/types.h
A    kern/include/lib.h
A    kern/include/elf.h
A    kern/include/thread.h
A    kern/include/fs.h
A    kern/include/kern
A    kern/include/kern/callno.h
A    kern/include/kern/ioctl.h
A    kern/include/kern/sfs.h
A    kern/include/kern/stat.h
A    kern/include/kern/errmsg.h
A    kern/include/kern/limits.h
A    kern/include/kern/types.h
A    kern/include/kern/errno.h
A    kern/include/kern/unistd.h
A    kern/include/syscall.h
A    kern/include/vnode.h
A    kern/main
A    kern/main/hello.c
A    kern/main/main.c
A    kern/main/menu.c
Checked out revision 92.
Checking for ranlib... yes
Checking for <err.h>... yes
Generating defs.mk.
Installing kernel includes...
Installing callno.h
Installing errmsg.h
Installing errno.h
Installing ioctl.h
Installing limits.h
Installing sfs.h
Installing stat.h
Installing types.h
Installing unistd.h
Installing machine-dependent includes for mips...
Installing asmdefs.h
Installing setjmp.h
Installing types.h
Installing library includes...
Installing assert.h
Installing err.h
Installing errno.h
Installing fcntl.h
Installing limits.h
Installing setjmp.h
Installing stdarg.h
Installing stdio.h
Installing stdlib.h
Installing string.h
Installing time.h
Installing unistd.h
Installing sys/ioctl.h
Installing sys/reboot.h
Installing sys/stat.h
Installing sys/types.h
Installing sys/wait.h
a - __printf.o
a - snprintf.o
a - printf.o
a - atoi.o
a - bzero.o
a - memcmp.o
a - memcpy.o
a - memmove.o
a - memset.o
a - malloc.o
a - strcat.o
a - strchr.o
a - strcmp.o
a - strcpy.o
a - strlen.o
a - strrchr.o
a - strtok.o
a - strtok_r.o
a - __assert.o
a - __puts.o
a - err.o
a - getchar.o
a - putchar.o
a - puts.o
a - abort.o
a - errno.o
a - exit.o
a - getcwd.o
a - random.o
a - strerror.o
a - system.o
a - time.o
a - mips-setjmp.o
a - syscalls.o
a - err.ho
a - time.ho
a - hostcompat.ho
~/ece344/root/os-028/os161-1.11/kern/conf ~/ece344/root/os-028/os161-1.11 ~/ece344/root
Configuration ASST2
Generating files... opt-*.h files.mk defs.mk Makefile autoconf.h autoconf.c
Configuration in ../compile/ASST2 done
Remember to make depend
~/ece344/root/os-028/os161-1.11 ~/ece344/root
../../arch/mips/mips/syscall.c: In function `mips_syscall':
../../arch/mips/mips/syscall.c:97: warning: passing arg 2 of `sys_write' makes pointer from integer without a cast
../../arch/mips/mips/syscall.c:105: warning: passing arg 2 of `sys_read' makes pointer from integer without a cast
../../arch/mips/mips/syscall.c:116: warning: implicit declaration of function `sys_fork'
../../arch/mips/mips/syscall.c:129: warning: implicit declaration of function `sys__exit'
../../arch/mips/mips/syscall.c:134: warning: implicit declaration of function `sys_waitpid'
../../arch/mips/mips/syscall.c: In function `sys_fork':
../../arch/mips/mips/syscall.c:209: warning: implicit declaration of function `as_copy'
../../arch/mips/mips/syscall.c:218: warning: implicit declaration of function `as_activate'
../../arch/mips/mips/syscall.c:226: warning: passing arg 4 of `thread_fork' from incompatible pointer type
../../arch/mips/mips/syscall.c: In function `md_forkentry':
../../arch/mips/mips/syscall.c:282: warning: control reaches end of non-void function
../../arch/mips/mips/syscall.c: At top level:
../../arch/mips/mips/syscall.c:297: warning: type mismatch with previous implicit declaration
../../arch/mips/mips/syscall.c:129: warning: previous implicit declaration of `sys__exit'
../../arch/mips/mips/syscall.c:297: warning: `sys__exit' was previously implicitly declared to return `int'
../../arch/mips/mips/syscall.c: In function `sys_waitpid':
../../arch/mips/mips/syscall.c:342: warning: implicit declaration of function `P'
../../arch/mips/mips/syscall.c:349: warning: implicit declaration of function `V'
../../arch/mips/mips/syscall.c: In function `sys_execv':
../../arch/mips/mips/syscall.c:358: warning: unused parameter `prog'
../../arch/mips/mips/syscall.c:358: warning: unused parameter `args'
../../arch/mips/mips/syscall.c:359: warning: control reaches end of non-void function
../../arch/mips/mips/trap.c: In function `kill_curthread':
../../arch/mips/mips/trap.c:52: warning: implicit declaration of function `sys__exit'
../../thread/synch.c: In function `lock_do_i_hold':
../../thread/synch.c:213: warning: control reaches end of non-void function
../../thread/thread.c: In function `thread_create':
../../thread/thread.c:82: warning: implicit declaration of function `sem_create'
../../thread/thread.c:82: warning: assignment makes pointer from integer without a cast
../../thread/thread.c:83: warning: implicit declaration of function `P'
../../thread/thread.c: In function `thread_exit':
../../thread/thread.c:523: warning: implicit declaration of function `V'
../../main/menu.c: In function `common_prog':
../../main/menu.c:122: warning: unused variable `child_status'
../../main/menu.c:123: warning: unused variable `sys_waitpid_return'
../../main/menu.c:124: warning: unused variable `returning_val'
../../main/hello.c: In function `hello':
../../main/hello.c:21: warning: initialization discards qualifiers from pointer target type
../../userprog/runprogram.c: In function `runprogram':
../../userprog/runprogram.c:92: warning: assignment of read-only location
../../userprog/runprogram.c:97: warning: passing arg 2 of `copyout' makes pointer from integer without a cast
../../userprog/runprogram.c:103: warning: passing arg 2 of `copyout' makes pointer from integer without a cast
../../userprog/runprogram.c:112: warning: passing arg 2 of `md_usermode' makes pointer from integer without a cast
../../userprog/sys_write.c: In function `sys_write':
../../userprog/sys_write.c:47: warning: implicit declaration of function `vfs_open'
../../userprog/sys_read.c: In function `sys_read':
../../userprog/sys_read.c:47: warning: implicit declaration of function `vfs_open'
*** This is ASST2 build #1 ***
   text	   data	    bss	    dec	    hex	filename
 156984	    528	   9084	 166596	  28ac4	kernel
~/ece344/root
